\BOOKMARK [0][-]{chapter.1}{Introduction}{}% 1
\BOOKMARK [1][-]{section.1.1}{Context}{chapter.1}% 2
\BOOKMARK [2][-]{subsection.1.1.1}{Cobotics}{section.1.1}% 3
\BOOKMARK [2][-]{subsection.1.1.2}{Robot Programming by Demonstration}{section.1.1}% 4
\BOOKMARK [2][-]{subsection.1.1.3}{Automated Planning}{section.1.1}% 5
\BOOKMARK [1][-]{section.1.2}{Problem Statement}{chapter.1}% 6
\BOOKMARK [1][-]{section.1.3}{Summary of contributions}{chapter.1}% 7
\BOOKMARK [1][-]{section.1.4}{Document organization}{chapter.1}% 8
\BOOKMARK [0][-]{chapter.2}{Robot Programming}{}% 9
\BOOKMARK [1][-]{section.2.1}{Introduction}{chapter.2}% 10
\BOOKMARK [1][-]{section.2.2}{Manual Programming Systems}{chapter.2}% 11
\BOOKMARK [2][-]{subsection.2.2.1}{Text-based Systems}{section.2.2}% 12
\BOOKMARK [2][-]{subsection.2.2.2}{Graphical Systems}{section.2.2}% 13
\BOOKMARK [1][-]{section.2.3}{Automatic Programming Systems}{chapter.2}% 14
\BOOKMARK [2][-]{subsection.2.3.1}{Machine Learning Systems}{section.2.3}% 15
\BOOKMARK [2][-]{subsection.2.3.2}{Programming by Demonstration}{section.2.3}% 16
\BOOKMARK [1][-]{section.2.4}{End-user Involvement}{chapter.2}% 17
\BOOKMARK [1][-]{section.2.5}{Discussions and Relations to Present Work}{chapter.2}% 18
\BOOKMARK [2][-]{subsection.2.5.1}{Relation to Present Work}{section.2.5}% 19
\BOOKMARK [0][-]{chapter.3}{Programming by Demonstration}{}% 20
\BOOKMARK [1][-]{section.3.1}{Introduction}{chapter.3}% 21
\BOOKMARK [1][-]{section.3.2}{Design choices}{chapter.3}% 22
\BOOKMARK [1][-]{section.3.3}{Gathering demonstrations}{chapter.3}% 23
\BOOKMARK [1][-]{section.3.4}{Deriving a policy}{chapter.3}% 24
\BOOKMARK [2][-]{subsection.3.4.1}{Low-level skill learning}{section.3.4}% 25
\BOOKMARK [2][-]{subsection.3.4.2}{High-level task learning}{section.3.4}% 26
\BOOKMARK [2][-]{subsection.3.4.3}{Interactive Policy Refinement Techniques}{section.3.4}% 27
\BOOKMARK [1][-]{section.3.5}{Challenges in PbD}{chapter.3}% 28
\BOOKMARK [0][-]{chapter.4}{Automated Planning}{}% 29
\BOOKMARK [1][-]{section.4.1}{Introduction}{chapter.4}% 30
\BOOKMARK [1][-]{section.4.2}{Classical planning problem}{chapter.4}% 31
\BOOKMARK [1][-]{section.4.3}{Planning Domain Definition Language \(PDDL\)}{chapter.4}% 32
\BOOKMARK [2][-]{subsection.4.3.1}{Planning domain description}{section.4.3}% 33
\BOOKMARK [2][-]{subsection.4.3.2}{Planning Problem Description}{section.4.3}% 34
\BOOKMARK [2][-]{subsection.4.3.3}{Relation to Present Work}{section.4.3}% 35
\BOOKMARK [2][-]{subsection.4.3.4}{PDDL evolution and extensions}{section.4.3}% 36
\BOOKMARK [2][-]{subsection.4.3.5}{Planners}{section.4.3}% 37
\BOOKMARK [1][-]{section.4.4}{Knowledge Engineering Tools}{chapter.4}% 38
\BOOKMARK [0][-]{chapter.5}{A Robot Programming Framework for End-users in Cobotic Environments}{}% 39
\BOOKMARK [1][-]{section.5.1}{Programming by Demonstration: teaching action models}{chapter.5}% 40
\BOOKMARK [1][-]{section.5.2}{Automated Planning: using action models}{chapter.5}% 41
\BOOKMARK [1][-]{section.5.3}{Retro-active Loop: refining action models}{chapter.5}% 42
\BOOKMARK [1][-]{section.5.4}{Approach}{chapter.5}% 43
\BOOKMARK [2][-]{subsection.5.4.1}{Low-level Action Representation}{section.5.4}% 44
\BOOKMARK [2][-]{subsection.5.4.2}{High-level Action Representation}{section.5.4}% 45
\BOOKMARK [2][-]{subsection.5.4.3}{Action Inference from Demonstration}{section.5.4}% 46
\BOOKMARK [2][-]{subsection.5.4.4}{Action Generalisation}{section.5.4}% 47
\BOOKMARK [2][-]{subsection.5.4.5}{Task Planning}{section.5.4}% 48
\BOOKMARK [1][-]{section.5.5}{System}{chapter.5}% 49
\BOOKMARK [2][-]{subsection.5.5.1}{Platform}{section.5.5}% 50
\BOOKMARK [2][-]{subsection.5.5.2}{Implementation Details}{section.5.5}% 51
\BOOKMARK [2][-]{subsection.5.5.3}{Interactive Robot Programming}{section.5.5}% 52
\BOOKMARK [2][-]{subsection.5.5.4}{Plan Execution}{section.5.5}% 53
\BOOKMARK [0][-]{chapter.6}{Pre-Experiments}{}% 54
\BOOKMARK [1][-]{section.6.1}{Experiment 1: Acceptance of AI Planning and PDDL Concepts}{chapter.6}% 55
\BOOKMARK [2][-]{subsection.6.1.1}{Experimental Setup \046 Participants}{section.6.1}% 56
\BOOKMARK [2][-]{subsection.6.1.2}{Experimental Design \046 Measurements}{section.6.1}% 57
\BOOKMARK [2][-]{subsection.6.1.3}{Results}{section.6.1}% 58
\BOOKMARK [1][-]{section.6.2}{Experiment 2: Acceptance of a Robot Programming Framework}{chapter.6}% 59
\BOOKMARK [2][-]{subsection.6.2.1}{Experimental Setup \046 Participants}{section.6.2}% 60
\BOOKMARK [2][-]{subsection.6.2.2}{Experimental Design \046 Measurements}{section.6.2}% 61
\BOOKMARK [2][-]{subsection.6.2.3}{Results}{section.6.2}% 62
\BOOKMARK [1][-]{section.6.3}{Discussion and Limitations}{chapter.6}% 63
\BOOKMARK [0][-]{chapter.7}{Implementation of the Framework}{}% 64
\BOOKMARK [1][-]{section.7.1}{Baxter Research Robot}{chapter.7}% 65
\BOOKMARK [1][-]{section.7.2}{The User Interface}{chapter.7}% 66
\BOOKMARK [1][-]{section.7.3}{Perceptions}{chapter.7}% 67
\BOOKMARK [1][-]{section.7.4}{Learning}{chapter.7}% 68
\BOOKMARK [1][-]{section.7.5}{Reproduction}{chapter.7}% 69
\BOOKMARK [2][-]{subsection.7.5.1}{Reach the grasp position}{section.7.5}% 70
\BOOKMARK [2][-]{subsection.7.5.2}{Grasp the object}{section.7.5}% 71
\BOOKMARK [2][-]{subsection.7.5.3}{Move the object}{section.7.5}% 72
\BOOKMARK [1][-]{section.7.6}{Execution to a new context}{chapter.7}% 73
\BOOKMARK [2][-]{subsection.7.6.1}{Goal-oriented programming}{section.7.6}% 74
\BOOKMARK [1][-]{section.7.7}{Retro-active loop for incremental learning}{chapter.7}% 75
\BOOKMARK [0][-]{chapter.8}{Experimentation and Evaluation}{}% 76
\BOOKMARK [1][-]{section.8.1}{System Evaluation}{chapter.8}% 77
\BOOKMARK [2][-]{subsection.8.1.1}{Protocol}{section.8.1}% 78
\BOOKMARK [2][-]{subsection.8.1.2}{Results}{section.8.1}% 79
\BOOKMARK [1][-]{section.8.2}{User Evaluation}{chapter.8}% 80
\BOOKMARK [2][-]{subsection.8.2.1}{Set up}{section.8.2}% 81
\BOOKMARK [2][-]{subsection.8.2.2}{Participants}{section.8.2}% 82
\BOOKMARK [2][-]{subsection.8.2.3}{Protocol}{section.8.2}% 83
\BOOKMARK [2][-]{subsection.8.2.4}{Metrics}{section.8.2}% 84
\BOOKMARK [2][-]{subsection.8.2.5}{Results}{section.8.2}% 85
\BOOKMARK [0][-]{chapter.9}{Simultaneous End-User Programming of Goals and Actions for Robotic Shelf Organisation}{}% 86
\BOOKMARK [0][-]{chapter.10}{Conclusion and Future Work}{}% 87
\BOOKMARK [1][-]{section.10.1}{Contributions}{chapter.10}% 88
\BOOKMARK [1][-]{section.10.2}{Conclusion}{chapter.10}% 89
\BOOKMARK [1][-]{section.10.3}{Discussions}{chapter.10}% 90
\BOOKMARK [1][-]{section.10.4}{On-going and Future work}{chapter.10}% 91
\BOOKMARK [0][-]{chapter*.41}{References}{}% 92
